2024-11-25 18:45:56,553 [INFO] sqlalchemy.engine.Engine: select pg_catalog.version()
2024-11-25 18:45:56,554 [INFO] sqlalchemy.engine.Engine: [raw sql] ()
2024-11-25 18:45:56,560 [INFO] sqlalchemy.engine.Engine: select current_schema()
2024-11-25 18:45:56,561 [INFO] sqlalchemy.engine.Engine: [raw sql] ()
2024-11-25 18:45:56,564 [INFO] sqlalchemy.engine.Engine: show standard_conforming_strings
2024-11-25 18:45:56,564 [INFO] sqlalchemy.engine.Engine: [raw sql] ()
2024-11-25 18:45:56,566 [INFO] sqlalchemy.engine.Engine: BEGIN (implicit)
2024-11-25 18:45:56,571 [INFO] sqlalchemy.engine.Engine: SELECT users.id, users.email, users.hashed_password, users.full_name, users.role, users.is_active 
FROM users 
WHERE users.email = $1::VARCHAR
2024-11-25 18:45:56,585 [INFO] sqlalchemy.engine.Engine: [generated in 0.01301s] ('user@example.com',)
2024-11-25 18:45:56,631 [WARNING] passlib.handlers.bcrypt: (trapped) error reading bcrypt version
Traceback (most recent call last):
  File "c:\Users\19053\Documents\Development\HomeCare\backend\.venv\lib\site-packages\passlib\handlers\bcrypt.py", line 620, in _load_backend_mixin
    version = _bcrypt.__about__.__version__
AttributeError: module 'bcrypt' has no attribute '__about__'
2024-11-25 18:45:57,194 [INFO] sqlalchemy.engine.Engine: INSERT INTO users (email, hashed_password, full_name, role, is_active) VALUES ($1::VARCHAR, $2::VARCHAR, $3::VARCHAR, $4::userrole, $5::VARCHAR) RETURNING users.id
2024-11-25 18:45:57,195 [INFO] sqlalchemy.engine.Engine: [generated in 0.00107s] ('user@example.com', '$2b$12$eoOiOq1At9DW5/acXLI4wuNNKW/9XIyflQGfoBTVsoxJHcDYDSK5e', 'John Doe', 'customer', True)
2024-11-25 18:45:57,197 [INFO] sqlalchemy.engine.Engine: ROLLBACK
2024-11-25 18:47:02,796 [INFO] sqlalchemy.engine.Engine: BEGIN (implicit)
2024-11-25 18:47:02,797 [INFO] sqlalchemy.engine.Engine: SELECT users.id, users.email, users.hashed_password, users.full_name, users.role, users.is_active 
FROM users 
WHERE users.email = $1::VARCHAR
2024-11-25 18:47:02,798 [INFO] sqlalchemy.engine.Engine: [cached since 66.23s ago] ('user@example.com',)
2024-11-25 18:47:03,502 [INFO] sqlalchemy.engine.Engine: INSERT INTO users (email, hashed_password, full_name, role, is_active) VALUES ($1::VARCHAR, $2::VARCHAR, $3::VARCHAR, $4::userrole, $5::VARCHAR) RETURNING users.id
2024-11-25 18:47:03,503 [INFO] sqlalchemy.engine.Engine: [cached since 66.31s ago] ('user@example.com', '$2b$12$25PUerVtvAdmYKuB4yyVZeHDEVHUkWJjpJtKo0B.WirbilIDxrIwu', 'John Doe', 'customer', True)
2024-11-25 18:47:03,504 [INFO] sqlalchemy.engine.Engine: ROLLBACK
2024-11-25 18:50:52,969 [INFO] sqlalchemy.engine.Engine: select pg_catalog.version()
2024-11-25 18:50:52,971 [INFO] sqlalchemy.engine.Engine: [raw sql] ()
2024-11-25 18:50:52,975 [INFO] sqlalchemy.engine.Engine: select current_schema()
2024-11-25 18:50:52,976 [INFO] sqlalchemy.engine.Engine: [raw sql] ()
2024-11-25 18:50:52,980 [INFO] sqlalchemy.engine.Engine: show standard_conforming_strings
2024-11-25 18:50:52,981 [INFO] sqlalchemy.engine.Engine: [raw sql] ()
2024-11-25 18:50:52,982 [INFO] sqlalchemy.engine.Engine: BEGIN (implicit)
2024-11-25 18:50:52,988 [INFO] sqlalchemy.engine.Engine: SELECT users.id, users.email, users.hashed_password, users.full_name, users.role, users.is_active 
FROM users 
WHERE users.email = $1::VARCHAR
2024-11-25 18:50:52,990 [INFO] sqlalchemy.engine.Engine: [generated in 0.00203s] ('user@example.com',)
2024-11-25 18:50:53,037 [WARNING] passlib.handlers.bcrypt: (trapped) error reading bcrypt version
Traceback (most recent call last):
  File "c:\Users\19053\Documents\Development\HomeCare\backend\.venv\lib\site-packages\passlib\handlers\bcrypt.py", line 620, in _load_backend_mixin
    version = _bcrypt.__about__.__version__
AttributeError: module 'bcrypt' has no attribute '__about__'
2024-11-25 18:50:53,534 [INFO] sqlalchemy.engine.Engine: INSERT INTO users (email, hashed_password, full_name, role, is_active) VALUES ($1::VARCHAR, $2::VARCHAR, $3::VARCHAR, $4::userrole, $5::BOOLEAN) RETURNING users.id
2024-11-25 18:50:53,535 [INFO] sqlalchemy.engine.Engine: [generated in 0.00126s] ('user@example.com', '$2b$12$HvvXoeVI2ydXFtRc62n3xu1X9MnNaDDOx.OFUqvel5eCOhwNDZzai', 'John Doe', 'customer', True)
2024-11-25 18:50:53,542 [INFO] sqlalchemy.engine.Engine: COMMIT
2024-11-25 18:50:53,548 [INFO] sqlalchemy.engine.Engine: BEGIN (implicit)
2024-11-25 18:50:53,550 [INFO] sqlalchemy.engine.Engine: SELECT users.id, users.email, users.hashed_password, users.full_name, users.role, users.is_active 
FROM users 
WHERE users.id = $1::INTEGER
2024-11-25 18:50:53,551 [INFO] sqlalchemy.engine.Engine: [generated in 0.00104s] (1,)
2024-11-25 18:50:53,556 [INFO] sqlalchemy.engine.Engine: ROLLBACK
2024-11-25 18:54:48,047 [INFO] sqlalchemy.engine.Engine: BEGIN (implicit)
2024-11-25 18:54:48,048 [INFO] sqlalchemy.engine.Engine: SELECT users.id, users.email, users.hashed_password, users.full_name, users.role, users.is_active 
FROM users 
WHERE users.email = $1::VARCHAR
2024-11-25 18:54:48,050 [INFO] sqlalchemy.engine.Engine: [cached since 236.3s ago] ('user@example.com',)
2024-11-25 18:54:48,052 [INFO] sqlalchemy.engine.Engine: ROLLBACK
2024-11-25 18:54:52,403 [INFO] sqlalchemy.engine.Engine: BEGIN (implicit)
2024-11-25 18:54:52,404 [INFO] sqlalchemy.engine.Engine: SELECT users.id, users.email, users.hashed_password, users.full_name, users.role, users.is_active 
FROM users 
WHERE users.email = $1::VARCHAR
2024-11-25 18:54:52,405 [INFO] sqlalchemy.engine.Engine: [cached since 240.6s ago] ('user@example.com',)
2024-11-25 18:54:52,665 [WARNING] app.logging_config: Login failed: Incorrect email or password.
2024-11-25 18:54:52,666 [INFO] sqlalchemy.engine.Engine: ROLLBACK
2024-11-25 18:55:19,818 [INFO] sqlalchemy.engine.Engine: BEGIN (implicit)
2024-11-25 18:55:19,833 [INFO] sqlalchemy.engine.Engine: SELECT users.id, users.email, users.hashed_password, users.full_name, users.role, users.is_active 
FROM users 
WHERE users.email = $1::VARCHAR
2024-11-25 18:55:19,834 [INFO] sqlalchemy.engine.Engine: [cached since 268.1s ago] ('user@example.com',)
2024-11-25 18:55:20,100 [WARNING] app.logging_config: Login failed: Incorrect email or password.
2024-11-25 18:55:20,101 [INFO] sqlalchemy.engine.Engine: ROLLBACK
2024-11-25 18:55:32,669 [INFO] sqlalchemy.engine.Engine: BEGIN (implicit)
2024-11-25 18:55:32,671 [INFO] sqlalchemy.engine.Engine: SELECT users.id, users.email, users.hashed_password, users.full_name, users.role, users.is_active 
FROM users 
WHERE users.email = $1::VARCHAR
2024-11-25 18:55:32,671 [INFO] sqlalchemy.engine.Engine: [cached since 280.9s ago] ('user@example.com',)
2024-11-25 18:55:32,916 [WARNING] app.logging_config: Login failed: Incorrect email or password.
2024-11-25 18:55:32,918 [INFO] sqlalchemy.engine.Engine: ROLLBACK
2024-11-25 18:57:54,672 [INFO] sqlalchemy.engine.Engine: BEGIN (implicit)
2024-11-25 18:57:54,673 [INFO] sqlalchemy.engine.Engine: SELECT users.id, users.email, users.hashed_password, users.full_name, users.role, users.is_active 
FROM users 
WHERE users.email = $1::VARCHAR
2024-11-25 18:57:54,674 [INFO] sqlalchemy.engine.Engine: [cached since 422.9s ago] ('user@example.com',)
2024-11-25 18:57:54,920 [WARNING] app.logging_config: Login failed: Incorrect email or password.
2024-11-25 18:57:54,921 [INFO] sqlalchemy.engine.Engine: ROLLBACK
2024-11-25 19:07:54,965 [INFO] sqlalchemy.engine.Engine: select pg_catalog.version()
2024-11-25 19:07:54,965 [INFO] sqlalchemy.engine.Engine: [raw sql] ()
2024-11-25 19:07:54,967 [INFO] sqlalchemy.engine.Engine: select current_schema()
2024-11-25 19:07:54,968 [INFO] sqlalchemy.engine.Engine: [raw sql] ()
2024-11-25 19:07:54,970 [INFO] sqlalchemy.engine.Engine: show standard_conforming_strings
2024-11-25 19:07:54,970 [INFO] sqlalchemy.engine.Engine: [raw sql] ()
2024-11-25 19:07:54,972 [INFO] sqlalchemy.engine.Engine: BEGIN (implicit)
2024-11-25 19:07:54,978 [INFO] sqlalchemy.engine.Engine: SELECT users.id, users.email, users.hashed_password, users.full_name, users.role, users.is_active 
FROM users 
WHERE users.email = $1::VARCHAR
2024-11-25 19:07:54,979 [INFO] sqlalchemy.engine.Engine: [generated in 0.00186s] ('user@example.com',)
2024-11-25 19:07:55,023 [WARNING] passlib.handlers.bcrypt: (trapped) error reading bcrypt version
Traceback (most recent call last):
  File "c:\Users\19053\Documents\Development\HomeCare\backend\.venv\lib\site-packages\passlib\handlers\bcrypt.py", line 620, in _load_backend_mixin
    version = _bcrypt.__about__.__version__
AttributeError: module 'bcrypt' has no attribute '__about__'
2024-11-25 19:07:55,523 [INFO] sqlalchemy.engine.Engine: INSERT INTO users (email, hashed_password, full_name, role, is_active) VALUES ($1::VARCHAR, $2::VARCHAR, $3::VARCHAR, $4::userrole, $5::BOOLEAN) RETURNING users.id
2024-11-25 19:07:55,524 [INFO] sqlalchemy.engine.Engine: [generated in 0.00117s] ('user@example.com', '$2b$12$xnNIPRFKqEcnJ0vq10u2teKPFXjlMd9TRr6fxc5TcJyRCuVUpn0h.', 'John Doe', 'customer', True)
2024-11-25 19:07:55,527 [INFO] sqlalchemy.engine.Engine: COMMIT
2024-11-25 19:07:55,533 [INFO] sqlalchemy.engine.Engine: BEGIN (implicit)
2024-11-25 19:07:55,536 [INFO] sqlalchemy.engine.Engine: SELECT users.id, users.email, users.hashed_password, users.full_name, users.role, users.is_active 
FROM users 
WHERE users.id = $1::INTEGER
2024-11-25 19:07:55,538 [INFO] sqlalchemy.engine.Engine: [generated in 0.00174s] (2,)
2024-11-25 19:07:55,541 [INFO] sqlalchemy.engine.Engine: ROLLBACK
2024-11-25 19:08:03,931 [INFO] sqlalchemy.engine.Engine: BEGIN (implicit)
2024-11-25 19:08:03,931 [INFO] sqlalchemy.engine.Engine: SELECT users.id, users.email, users.hashed_password, users.full_name, users.role, users.is_active 
FROM users 
WHERE users.email = $1::VARCHAR
2024-11-25 19:08:03,933 [INFO] sqlalchemy.engine.Engine: [cached since 8.955s ago] ('user@example.com',)
2024-11-25 19:08:04,202 [WARNING] app.logging_config: Login failed: Incorrect email or password.
2024-11-25 19:08:04,203 [INFO] sqlalchemy.engine.Engine: ROLLBACK
2024-11-25 19:16:36,375 [DEBUG] passlib.registry: registered 'bcrypt' handler: <class 'passlib.handlers.bcrypt.bcrypt'>
2024-11-25 19:16:41,061 [DEBUG] python_multipart.multipart: Calling on_part_begin with no data
2024-11-25 19:16:41,062 [DEBUG] python_multipart.multipart: Calling on_header_field with data[54:73]
2024-11-25 19:16:41,062 [DEBUG] python_multipart.multipart: Calling on_header_value with data[75:101]
2024-11-25 19:16:41,063 [DEBUG] python_multipart.multipart: Calling on_header_end with no data
2024-11-25 19:16:41,063 [DEBUG] python_multipart.multipart: Calling on_headers_finished with no data
2024-11-25 19:16:41,063 [DEBUG] python_multipart.multipart: Calling on_part_data with data[105:121]
2024-11-25 19:16:41,063 [DEBUG] python_multipart.multipart: Calling on_part_end with no data
2024-11-25 19:16:41,065 [DEBUG] python_multipart.multipart: Calling on_part_begin with no data
2024-11-25 19:16:41,066 [DEBUG] python_multipart.multipart: Calling on_header_field with data[177:196]
2024-11-25 19:16:41,066 [DEBUG] python_multipart.multipart: Calling on_header_value with data[198:224]
2024-11-25 19:16:41,067 [DEBUG] python_multipart.multipart: Calling on_header_end with no data
2024-11-25 19:16:41,067 [DEBUG] python_multipart.multipart: Calling on_headers_finished with no data
2024-11-25 19:16:41,068 [DEBUG] python_multipart.multipart: Calling on_part_data with data[228:242]
2024-11-25 19:16:41,070 [DEBUG] python_multipart.multipart: Calling on_part_end with no data
2024-11-25 19:16:41,071 [DEBUG] python_multipart.multipart: Calling on_end with no data
2024-11-25 19:16:41,372 [INFO] sqlalchemy.engine.Engine: select pg_catalog.version()
2024-11-25 19:16:41,373 [INFO] sqlalchemy.engine.Engine: [raw sql] ()
2024-11-25 19:16:41,376 [INFO] sqlalchemy.engine.Engine: select current_schema()
2024-11-25 19:16:41,377 [INFO] sqlalchemy.engine.Engine: [raw sql] ()
2024-11-25 19:16:41,380 [INFO] sqlalchemy.engine.Engine: show standard_conforming_strings
2024-11-25 19:16:41,383 [INFO] sqlalchemy.engine.Engine: [raw sql] ()
2024-11-25 19:16:41,390 [INFO] sqlalchemy.engine.Engine: BEGIN (implicit)
2024-11-25 19:16:41,465 [INFO] sqlalchemy.engine.Engine: SELECT users.id, users.email, users.hashed_password, users.full_name, users.role, users.is_active 
FROM users 
WHERE users.email = $1::VARCHAR
2024-11-25 19:16:41,468 [INFO] sqlalchemy.engine.Engine: [generated in 0.00316s] ('user@example.com',)
2024-11-25 19:16:41,510 [WARNING] passlib.handlers.bcrypt: (trapped) error reading bcrypt version
Traceback (most recent call last):
  File "c:\Users\19053\Documents\Development\HomeCare\backend\.venv\lib\site-packages\passlib\handlers\bcrypt.py", line 620, in _load_backend_mixin
    version = _bcrypt.__about__.__version__
AttributeError: module 'bcrypt' has no attribute '__about__'
2024-11-25 19:16:41,513 [DEBUG] passlib.handlers.bcrypt: detected 'bcrypt' backend, version '<unknown>'
2024-11-25 19:16:41,513 [DEBUG] passlib.handlers.bcrypt: 'bcrypt' backend lacks $2$ support, enabling workaround
2024-11-25 19:16:41,820 [DEBUG] app.logging_config: Verifying password: securepassword against hash: $2b$12$xnNIPRFKqEcnJ0vq10u2teKPFXjlMd9TRr6fxc5TcJyRCuVUpn0h. - Valid: False
2024-11-25 19:16:41,828 [WARNING] app.logging_config: Login failed: Incorrect email or password.
2024-11-25 19:16:41,830 [INFO] sqlalchemy.engine.Engine: ROLLBACK
2024-11-25 19:26:55,241 [DEBUG] passlib.registry: registered 'bcrypt' handler: <class 'passlib.handlers.bcrypt.bcrypt'>
2024-11-25 19:36:06,650 [DEBUG] passlib.registry: registered 'bcrypt' handler: <class 'passlib.handlers.bcrypt.bcrypt'>
2024-11-25 19:37:48,406 [DEBUG] passlib.registry: registered 'bcrypt' handler: <class 'passlib.handlers.bcrypt.bcrypt'>
2024-11-25 19:37:50,188 [INFO] sqlalchemy.engine.Engine: select pg_catalog.version()
2024-11-25 19:37:50,189 [INFO] sqlalchemy.engine.Engine: [raw sql] ()
2024-11-25 19:37:50,191 [INFO] sqlalchemy.engine.Engine: select current_schema()
2024-11-25 19:37:50,192 [INFO] sqlalchemy.engine.Engine: [raw sql] ()
2024-11-25 19:37:50,193 [INFO] sqlalchemy.engine.Engine: show standard_conforming_strings
2024-11-25 19:37:50,194 [INFO] sqlalchemy.engine.Engine: [raw sql] ()
2024-11-25 19:37:50,196 [INFO] sqlalchemy.engine.Engine: BEGIN (implicit)
2024-11-25 19:37:50,202 [INFO] sqlalchemy.engine.Engine: SELECT users.id, users.email, users.hashed_password, users.full_name, users.role, users.is_active 
FROM users 
WHERE users.email = $1::VARCHAR
2024-11-25 19:37:50,205 [INFO] sqlalchemy.engine.Engine: [generated in 0.00269s] ('user@example.com',)
2024-11-25 19:37:50,243 [WARNING] passlib.handlers.bcrypt: (trapped) error reading bcrypt version
Traceback (most recent call last):
  File "c:\Users\19053\Documents\Development\HomeCare\backend\.venv\lib\site-packages\passlib\handlers\bcrypt.py", line 620, in _load_backend_mixin
    version = _bcrypt.__about__.__version__
AttributeError: module 'bcrypt' has no attribute '__about__'
2024-11-25 19:37:50,245 [DEBUG] passlib.handlers.bcrypt: detected 'bcrypt' backend, version '<unknown>'
2024-11-25 19:37:50,246 [DEBUG] passlib.handlers.bcrypt: 'bcrypt' backend lacks $2$ support, enabling workaround
2024-11-25 19:37:50,757 [INFO] sqlalchemy.engine.Engine: INSERT INTO users (email, hashed_password, full_name, role, is_active) VALUES ($1::VARCHAR, $2::VARCHAR, $3::VARCHAR, $4::userrole, $5::BOOLEAN) RETURNING users.id
2024-11-25 19:37:50,758 [INFO] sqlalchemy.engine.Engine: [generated in 0.00089s] ('user@example.com', '$2b$12$ml1ZtVvXgOWj.NWuwzuHeOXg6iOpzVxYI1nnHZQzGt5DRh5dNPF8u', 'John Doe', 'customer', True)
2024-11-25 19:37:50,760 [INFO] sqlalchemy.engine.Engine: COMMIT
2024-11-25 19:37:50,763 [INFO] sqlalchemy.engine.Engine: BEGIN (implicit)
2024-11-25 19:37:50,767 [INFO] sqlalchemy.engine.Engine: SELECT users.id, users.email, users.hashed_password, users.full_name, users.role, users.is_active 
FROM users 
WHERE users.id = $1::INTEGER
2024-11-25 19:37:50,770 [INFO] sqlalchemy.engine.Engine: [generated in 0.00209s] (3,)
2024-11-25 19:37:50,775 [INFO] sqlalchemy.engine.Engine: ROLLBACK
2024-11-25 19:38:08,371 [DEBUG] python_multipart.multipart: Calling on_part_begin with no data
2024-11-25 19:38:08,373 [DEBUG] python_multipart.multipart: Calling on_header_field with data[54:73]
2024-11-25 19:38:08,374 [DEBUG] python_multipart.multipart: Calling on_header_value with data[75:101]
2024-11-25 19:38:08,375 [DEBUG] python_multipart.multipart: Calling on_header_end with no data
2024-11-25 19:38:08,376 [DEBUG] python_multipart.multipart: Calling on_headers_finished with no data
2024-11-25 19:38:08,376 [DEBUG] python_multipart.multipart: Calling on_part_data with data[105:121]
2024-11-25 19:38:08,377 [DEBUG] python_multipart.multipart: Calling on_part_end with no data
2024-11-25 19:38:08,377 [DEBUG] python_multipart.multipart: Calling on_part_begin with no data
2024-11-25 19:38:08,377 [DEBUG] python_multipart.multipart: Calling on_header_field with data[177:196]
2024-11-25 19:38:08,378 [DEBUG] python_multipart.multipart: Calling on_header_value with data[198:224]
2024-11-25 19:38:08,378 [DEBUG] python_multipart.multipart: Calling on_header_end with no data
2024-11-25 19:38:08,378 [DEBUG] python_multipart.multipart: Calling on_headers_finished with no data
2024-11-25 19:38:08,378 [DEBUG] python_multipart.multipart: Calling on_part_data with data[228:242]
2024-11-25 19:38:08,378 [DEBUG] python_multipart.multipart: Calling on_part_end with no data
2024-11-25 19:38:08,378 [DEBUG] python_multipart.multipart: Calling on_end with no data
2024-11-25 19:38:08,399 [INFO] sqlalchemy.engine.Engine: BEGIN (implicit)
2024-11-25 19:38:08,402 [INFO] sqlalchemy.engine.Engine: SELECT users.id, users.email, users.hashed_password, users.full_name, users.role, users.is_active 
FROM users 
WHERE users.email = $1::VARCHAR
2024-11-25 19:38:08,403 [INFO] sqlalchemy.engine.Engine: [cached since 18.2s ago] ('user@example.com',)
2024-11-25 19:38:08,405 [DEBUG] app.logging_config: User found: user@example.com, Hashed password in DB: $2b$12$ml1ZtVvXgOWj.NWuwzuHeOXg6iOpzVxYI1nnHZQzGt5DRh5dNPF8u
2024-11-25 19:38:08,651 [DEBUG] app.logging_config: Verifying password: securepassword against hash: $2b$12$ml1ZtVvXgOWj.NWuwzuHeOXg6iOpzVxYI1nnHZQzGt5DRh5dNPF8u - Valid: False
2024-11-25 19:38:08,651 [WARNING] app.logging_config: Login failed: Incorrect email or password.
2024-11-25 19:38:08,652 [INFO] sqlalchemy.engine.Engine: ROLLBACK
2024-11-25 19:38:48,816 [DEBUG] passlib.registry: registered 'bcrypt' handler: <class 'passlib.handlers.bcrypt.bcrypt'>
2024-11-25 19:42:15,598 [DEBUG] passlib.registry: registered 'bcrypt' handler: <class 'passlib.handlers.bcrypt.bcrypt'>
2024-11-25 19:42:47,931 [DEBUG] passlib.registry: registered 'bcrypt' handler: <class 'passlib.handlers.bcrypt.bcrypt'>
2024-11-25 19:43:20,246 [DEBUG] passlib.registry: registered 'bcrypt' handler: <class 'passlib.handlers.bcrypt.bcrypt'>
2024-11-25 19:43:41,798 [DEBUG] passlib.registry: registered 'bcrypt' handler: <class 'passlib.handlers.bcrypt.bcrypt'>
2024-11-25 19:44:05,972 [DEBUG] passlib.registry: registered 'bcrypt' handler: <class 'passlib.handlers.bcrypt.bcrypt'>
2024-11-25 19:44:21,367 [DEBUG] passlib.registry: registered 'bcrypt' handler: <class 'passlib.handlers.bcrypt.bcrypt'>
2024-11-25 19:49:46,331 [DEBUG] python_multipart.multipart: Calling on_field_start with no data
2024-11-25 19:49:46,332 [DEBUG] python_multipart.multipart: Calling on_field_name with data[0:8]
2024-11-25 19:49:46,333 [DEBUG] python_multipart.multipart: Calling on_field_data with data[9:27]
2024-11-25 19:49:46,334 [DEBUG] python_multipart.multipart: Calling on_field_end with no data
2024-11-25 19:49:46,334 [DEBUG] python_multipart.multipart: Calling on_field_start with no data
2024-11-25 19:49:46,335 [DEBUG] python_multipart.multipart: Calling on_field_name with data[28:36]
2024-11-25 19:49:46,335 [DEBUG] python_multipart.multipart: Calling on_field_data with data[37:51]
2024-11-25 19:49:46,336 [DEBUG] python_multipart.multipart: Calling on_field_end with no data
2024-11-25 19:49:46,337 [DEBUG] python_multipart.multipart: Calling on_end with no data
2024-11-25 19:49:46,504 [INFO] sqlalchemy.engine.Engine: select pg_catalog.version()
2024-11-25 19:49:46,505 [INFO] sqlalchemy.engine.Engine: [raw sql] ()
2024-11-25 19:49:46,509 [INFO] sqlalchemy.engine.Engine: select current_schema()
2024-11-25 19:49:46,511 [INFO] sqlalchemy.engine.Engine: [raw sql] ()
2024-11-25 19:49:46,518 [INFO] sqlalchemy.engine.Engine: show standard_conforming_strings
2024-11-25 19:49:46,519 [INFO] sqlalchemy.engine.Engine: [raw sql] ()
2024-11-25 19:49:46,521 [INFO] sqlalchemy.engine.Engine: BEGIN (implicit)
2024-11-25 19:49:46,594 [INFO] sqlalchemy.engine.Engine: SELECT users.id, users.email, users.hashed_password, users.full_name, users.role, users.is_active 
FROM users 
WHERE users.email = $1::VARCHAR
2024-11-25 19:49:46,596 [INFO] sqlalchemy.engine.Engine: [generated in 0.00133s] ('user@example.com',)
2024-11-25 19:49:46,640 [DEBUG] app.logging_config: User found: user@example.com, Hashed password in DB: $2b$12$ml1ZtVvXgOWj.NWuwzuHeOXg6iOpzVxYI1nnHZQzGt5DRh5dNPF8u
2024-11-25 19:49:46,642 [WARNING] passlib.handlers.bcrypt: (trapped) error reading bcrypt version
Traceback (most recent call last):
  File "c:\Users\19053\Documents\Development\HomeCare\backend\.venv\lib\site-packages\passlib\handlers\bcrypt.py", line 620, in _load_backend_mixin
    version = _bcrypt.__about__.__version__
AttributeError: module 'bcrypt' has no attribute '__about__'
2024-11-25 19:49:46,644 [DEBUG] passlib.handlers.bcrypt: detected 'bcrypt' backend, version '<unknown>'
2024-11-25 19:49:46,644 [DEBUG] passlib.handlers.bcrypt: 'bcrypt' backend lacks $2$ support, enabling workaround
2024-11-25 19:49:46,908 [DEBUG] app.logging_config: Verifying password: securepassword against hash: $2b$12$ml1ZtVvXgOWj.NWuwzuHeOXg6iOpzVxYI1nnHZQzGt5DRh5dNPF8u - Valid: False
2024-11-25 19:49:46,908 [WARNING] app.logging_config: Login failed: Incorrect email or password.
2024-11-25 19:49:46,909 [INFO] sqlalchemy.engine.Engine: ROLLBACK
2024-11-25 19:53:10,000 [DEBUG] passlib.registry: registered 'bcrypt' handler: <class 'passlib.handlers.bcrypt.bcrypt'>
2024-11-25 19:53:16,304 [DEBUG] passlib.registry: registered 'bcrypt' handler: <class 'passlib.handlers.bcrypt.bcrypt'>
2024-11-25 19:55:35,893 [DEBUG] passlib.registry: registered 'bcrypt' handler: <class 'passlib.handlers.bcrypt.bcrypt'>
2024-11-25 19:55:45,523 [DEBUG] python_multipart.multipart: Calling on_field_start with no data
2024-11-25 19:55:45,524 [DEBUG] python_multipart.multipart: Calling on_field_name with data[0:8]
2024-11-25 19:55:45,524 [DEBUG] python_multipart.multipart: Calling on_field_data with data[9:27]
2024-11-25 19:55:45,524 [DEBUG] python_multipart.multipart: Calling on_field_end with no data
2024-11-25 19:55:45,524 [DEBUG] python_multipart.multipart: Calling on_field_start with no data
2024-11-25 19:55:45,525 [DEBUG] python_multipart.multipart: Calling on_field_name with data[28:36]
2024-11-25 19:55:45,525 [DEBUG] python_multipart.multipart: Calling on_field_data with data[37:51]
2024-11-25 19:55:45,525 [DEBUG] python_multipart.multipart: Calling on_field_end with no data
2024-11-25 19:55:45,526 [DEBUG] python_multipart.multipart: Calling on_end with no data
2024-11-25 19:55:45,694 [INFO] sqlalchemy.engine.Engine: select pg_catalog.version()
2024-11-25 19:55:45,695 [INFO] sqlalchemy.engine.Engine: [raw sql] ()
2024-11-25 19:55:45,700 [INFO] sqlalchemy.engine.Engine: select current_schema()
2024-11-25 19:55:45,701 [INFO] sqlalchemy.engine.Engine: [raw sql] ()
2024-11-25 19:55:45,705 [INFO] sqlalchemy.engine.Engine: show standard_conforming_strings
2024-11-25 19:55:45,706 [INFO] sqlalchemy.engine.Engine: [raw sql] ()
2024-11-25 19:55:45,708 [INFO] sqlalchemy.engine.Engine: BEGIN (implicit)
2024-11-25 19:55:45,770 [INFO] sqlalchemy.engine.Engine: SELECT users.id, users.email, users.hashed_password, users.full_name, users.role, users.is_active 
FROM users 
WHERE users.email = $1::VARCHAR
2024-11-25 19:55:45,772 [INFO] sqlalchemy.engine.Engine: [generated in 0.00176s] ('user@example.com',)
2024-11-25 19:55:45,807 [DEBUG] app.logging_config: User found: user@example.com, Hashed password in DB: $2b$12$ml1ZtVvXgOWj.NWuwzuHeOXg6iOpzVxYI1nnHZQzGt5DRh5dNPF8u
2024-11-25 19:55:45,808 [WARNING] passlib.handlers.bcrypt: (trapped) error reading bcrypt version
Traceback (most recent call last):
  File "c:\Users\19053\Documents\Development\HomeCare\backend\.venv\lib\site-packages\passlib\handlers\bcrypt.py", line 620, in _load_backend_mixin
    version = _bcrypt.__about__.__version__
AttributeError: module 'bcrypt' has no attribute '__about__'
2024-11-25 19:55:45,811 [DEBUG] passlib.handlers.bcrypt: detected 'bcrypt' backend, version '<unknown>'
2024-11-25 19:55:45,811 [DEBUG] passlib.handlers.bcrypt: 'bcrypt' backend lacks $2$ support, enabling workaround
2024-11-25 19:55:46,072 [DEBUG] app.logging_config: Verifying password: securepassword against hash: $2b$12$ml1ZtVvXgOWj.NWuwzuHeOXg6iOpzVxYI1nnHZQzGt5DRh5dNPF8u - Valid: False
2024-11-25 19:55:46,073 [WARNING] app.logging_config: Login failed: Incorrect email or password.
2024-11-25 19:55:46,073 [INFO] sqlalchemy.engine.Engine: ROLLBACK
2024-11-25 19:58:23,260 [DEBUG] passlib.registry: registered 'bcrypt' handler: <class 'passlib.handlers.bcrypt.bcrypt'>
2024-11-25 19:58:26,628 [DEBUG] python_multipart.multipart: Calling on_field_start with no data
2024-11-25 19:58:26,628 [DEBUG] python_multipart.multipart: Calling on_field_name with data[0:8]
2024-11-25 19:58:26,628 [DEBUG] python_multipart.multipart: Calling on_field_data with data[9:27]
2024-11-25 19:58:26,628 [DEBUG] python_multipart.multipart: Calling on_field_end with no data
2024-11-25 19:58:26,629 [DEBUG] python_multipart.multipart: Calling on_field_start with no data
2024-11-25 19:58:26,630 [DEBUG] python_multipart.multipart: Calling on_field_name with data[28:36]
2024-11-25 19:58:26,631 [DEBUG] python_multipart.multipart: Calling on_field_data with data[37:51]
2024-11-25 19:58:26,632 [DEBUG] python_multipart.multipart: Calling on_field_end with no data
2024-11-25 19:58:26,633 [DEBUG] python_multipart.multipart: Calling on_end with no data
2024-11-25 19:58:26,811 [INFO] sqlalchemy.engine.Engine: select pg_catalog.version()
2024-11-25 19:58:26,811 [INFO] sqlalchemy.engine.Engine: [raw sql] ()
2024-11-25 19:58:26,817 [INFO] sqlalchemy.engine.Engine: select current_schema()
2024-11-25 19:58:26,818 [INFO] sqlalchemy.engine.Engine: [raw sql] ()
2024-11-25 19:58:26,820 [INFO] sqlalchemy.engine.Engine: show standard_conforming_strings
2024-11-25 19:58:26,820 [INFO] sqlalchemy.engine.Engine: [raw sql] ()
2024-11-25 19:58:26,823 [INFO] sqlalchemy.engine.Engine: BEGIN (implicit)
2024-11-25 19:58:26,888 [INFO] sqlalchemy.engine.Engine: SELECT users.id, users.email, users.hashed_password, users.full_name, users.role, users.is_active 
FROM users 
WHERE users.email = $1::VARCHAR
2024-11-25 19:58:26,889 [INFO] sqlalchemy.engine.Engine: [generated in 0.00129s] ('user@example.com',)
2024-11-25 19:58:26,928 [DEBUG] app.logging_config: User found: user@example.com, Hashed password in DB: $2b$12$ml1ZtVvXgOWj.NWuwzuHeOXg6iOpzVxYI1nnHZQzGt5DRh5dNPF8u
2024-11-25 19:58:26,929 [DEBUG] passlib.handlers.bcrypt: detected 'bcrypt' backend, version '4.2.1'
2024-11-25 19:58:26,930 [DEBUG] passlib.handlers.bcrypt: 'bcrypt' backend lacks $2$ support, enabling workaround
2024-11-25 19:58:27,193 [DEBUG] app.logging_config: Verifying password: securepassword against hash: $2b$12$ml1ZtVvXgOWj.NWuwzuHeOXg6iOpzVxYI1nnHZQzGt5DRh5dNPF8u - Valid: False
2024-11-25 19:58:27,194 [WARNING] app.logging_config: Login failed: Incorrect email or password.
2024-11-25 19:58:27,195 [INFO] sqlalchemy.engine.Engine: ROLLBACK
2024-11-25 20:02:17,778 [DEBUG] passlib.registry: registered 'bcrypt' handler: <class 'passlib.handlers.bcrypt.bcrypt'>
2024-11-25 20:03:03,444 [DEBUG] passlib.registry: registered 'bcrypt' handler: <class 'passlib.handlers.bcrypt.bcrypt'>
2024-11-25 20:03:09,204 [DEBUG] passlib.registry: registered 'bcrypt' handler: <class 'passlib.handlers.bcrypt.bcrypt'>
2024-11-25 20:03:47,820 [DEBUG] passlib.registry: registered 'bcrypt' handler: <class 'passlib.handlers.bcrypt.bcrypt'>
2024-11-25 20:05:18,381 [INFO] sqlalchemy.engine.Engine: select pg_catalog.version()
2024-11-25 20:05:18,382 [INFO] sqlalchemy.engine.Engine: [raw sql] ()
2024-11-25 20:05:18,386 [INFO] sqlalchemy.engine.Engine: select current_schema()
2024-11-25 20:05:18,387 [INFO] sqlalchemy.engine.Engine: [raw sql] ()
2024-11-25 20:05:18,393 [INFO] sqlalchemy.engine.Engine: show standard_conforming_strings
2024-11-25 20:05:18,394 [INFO] sqlalchemy.engine.Engine: [raw sql] ()
2024-11-25 20:05:18,397 [INFO] sqlalchemy.engine.Engine: BEGIN (implicit)
2024-11-25 20:05:18,404 [INFO] sqlalchemy.engine.Engine: SELECT users.id, users.email, users.hashed_password, users.full_name, users.role, users.is_active 
FROM users 
WHERE users.email = $1::VARCHAR
2024-11-25 20:05:18,409 [INFO] sqlalchemy.engine.Engine: [generated in 0.00548s] ('user@example.com',)
2024-11-25 20:05:18,457 [DEBUG] passlib.handlers.bcrypt: detected 'bcrypt' backend, version '4.0.1'
2024-11-25 20:05:18,458 [DEBUG] passlib.handlers.bcrypt: 'bcrypt' backend lacks $2$ support, enabling workaround
2024-11-25 20:05:18,997 [INFO] sqlalchemy.engine.Engine: INSERT INTO users (email, hashed_password, full_name, role, is_active) VALUES ($1::VARCHAR, $2::VARCHAR, $3::VARCHAR, $4::userrole, $5::BOOLEAN) RETURNING users.id
2024-11-25 20:05:18,999 [INFO] sqlalchemy.engine.Engine: [generated in 0.00130s] ('user@example.com', '$2b$12$cmOBQpyu3YMmYPlfzyA.AuExiFUWVaRWuPWHFOoUjFPFnAhQKZP8a', 'John Doe', 'customer', True)
2024-11-25 20:05:19,002 [INFO] sqlalchemy.engine.Engine: COMMIT
2024-11-25 20:05:19,007 [INFO] sqlalchemy.engine.Engine: BEGIN (implicit)
2024-11-25 20:05:19,012 [INFO] sqlalchemy.engine.Engine: SELECT users.id, users.email, users.hashed_password, users.full_name, users.role, users.is_active 
FROM users 
WHERE users.id = $1::INTEGER
2024-11-25 20:05:19,013 [INFO] sqlalchemy.engine.Engine: [generated in 0.00141s] (4,)
2024-11-25 20:05:19,017 [INFO] sqlalchemy.engine.Engine: ROLLBACK
2024-11-25 20:05:23,857 [DEBUG] python_multipart.multipart: Calling on_field_start with no data
2024-11-25 20:05:23,857 [DEBUG] python_multipart.multipart: Calling on_field_name with data[0:8]
2024-11-25 20:05:23,858 [DEBUG] python_multipart.multipart: Calling on_field_data with data[9:27]
2024-11-25 20:05:23,858 [DEBUG] python_multipart.multipart: Calling on_field_end with no data
2024-11-25 20:05:23,859 [DEBUG] python_multipart.multipart: Calling on_field_start with no data
2024-11-25 20:05:23,859 [DEBUG] python_multipart.multipart: Calling on_field_name with data[28:36]
2024-11-25 20:05:23,860 [DEBUG] python_multipart.multipart: Calling on_field_data with data[37:51]
2024-11-25 20:05:23,860 [DEBUG] python_multipart.multipart: Calling on_field_end with no data
2024-11-25 20:05:23,861 [DEBUG] python_multipart.multipart: Calling on_end with no data
2024-11-25 20:05:23,871 [INFO] sqlalchemy.engine.Engine: BEGIN (implicit)
2024-11-25 20:05:23,873 [INFO] sqlalchemy.engine.Engine: SELECT users.id, users.email, users.hashed_password, users.full_name, users.role, users.is_active 
FROM users 
WHERE users.email = $1::VARCHAR
2024-11-25 20:05:23,876 [INFO] sqlalchemy.engine.Engine: [cached since 5.472s ago] ('user@example.com',)
2024-11-25 20:05:23,880 [DEBUG] app.logging_config: User found: user@example.com, Hashed password in DB: $2b$12$cmOBQpyu3YMmYPlfzyA.AuExiFUWVaRWuPWHFOoUjFPFnAhQKZP8a
2024-11-25 20:05:24,114 [DEBUG] app.logging_config: Verifying password: securepassword against hash: $2b$12$cmOBQpyu3YMmYPlfzyA.AuExiFUWVaRWuPWHFOoUjFPFnAhQKZP8a - Valid: False
2024-11-25 20:05:24,114 [WARNING] app.logging_config: Login failed: Incorrect email or password.
2024-11-25 20:05:24,116 [INFO] sqlalchemy.engine.Engine: ROLLBACK
2024-11-25 20:09:00,627 [DEBUG] passlib.registry: registered 'bcrypt' handler: <class 'passlib.handlers.bcrypt.bcrypt'>
2024-11-25 20:11:42,542 [DEBUG] passlib.registry: registered 'bcrypt' handler: <class 'passlib.handlers.bcrypt.bcrypt'>
2024-11-25 20:12:02,776 [INFO] sqlalchemy.engine.Engine: select pg_catalog.version()
2024-11-25 20:12:02,777 [INFO] sqlalchemy.engine.Engine: [raw sql] ()
2024-11-25 20:12:02,780 [INFO] sqlalchemy.engine.Engine: select current_schema()
2024-11-25 20:12:02,781 [INFO] sqlalchemy.engine.Engine: [raw sql] ()
2024-11-25 20:12:02,785 [INFO] sqlalchemy.engine.Engine: show standard_conforming_strings
2024-11-25 20:12:02,786 [INFO] sqlalchemy.engine.Engine: [raw sql] ()
2024-11-25 20:12:02,788 [INFO] sqlalchemy.engine.Engine: BEGIN (implicit)
2024-11-25 20:12:02,792 [INFO] sqlalchemy.engine.Engine: SELECT users.id, users.email, users.hashed_password, users.full_name, users.role, users.is_active 
FROM users 
WHERE users.email = $1::VARCHAR
2024-11-25 20:12:02,793 [INFO] sqlalchemy.engine.Engine: [generated in 0.00111s] ('user@example.com',)
2024-11-25 20:12:02,829 [DEBUG] app.logging_config: User found: user@example.com, Hashed password in DB: $2b$12$cmOBQpyu3YMmYPlfzyA.AuExiFUWVaRWuPWHFOoUjFPFnAhQKZP8a
2024-11-25 20:12:02,829 [DEBUG] passlib.handlers.bcrypt: detected 'bcrypt' backend, version '4.0.1'
2024-11-25 20:12:02,830 [DEBUG] passlib.handlers.bcrypt: 'bcrypt' backend lacks $2$ support, enabling workaround
2024-11-25 20:12:03,109 [DEBUG] app.logging_config: Verifying password: securepassword against hash: $2b$12$cmOBQpyu3YMmYPlfzyA.AuExiFUWVaRWuPWHFOoUjFPFnAhQKZP8a - Valid: False
2024-11-25 20:12:03,109 [WARNING] app.logging_config: Login failed: Incorrect email or password.
2024-11-25 20:12:03,110 [INFO] sqlalchemy.engine.Engine: ROLLBACK
